2020-11-16 19:26:48,854 - Both right ($senarai.cukai_parit2 and left $senarai.cukai_parit sides of '!=' operation returned null.If references, they may not be in the context.app/htp/6.0/cukai/frmCukaiPelarasanHapusSenarai.jsp[line 118, column 44]
2020-11-16 19:26:48,854 - Both right ($senarai.cukai_kena_bayar and left $senarai.CUKAI_KENA_BAYAR sides of '!=' operation returned null.If references, they may not be in the context.app/htp/6.0/cukai/frmCukaiPelarasanHapusSenarai.jsp[line 124, column 41]
2020-11-16 19:26:48,854 - Null reference [template 'app/htp/6.0/cukai/frmCukaiPelarasanHapusSenarai.jsp', line 135, column 107] : $senarai.NO_HAKMILIKUPLOAD cannot be resolved.
2020-11-16 19:26:48,854 - Null reference [template 'app/htp/6.0/cukai/frmCukaiPelarasanHapusSenarai.jsp', line 163, column 107] : $senarai.NO_LOT cannot be resolved.
2020-11-16 19:26:48,854 - Both right ($senarai.cukai_taliair2 and left $senarai.cukai_taliair sides of '!=' operation returned null.If references, they may not be in the context.app/htp/6.0/cukai/frmCukaiPelarasanHapusSenarai.jsp[line 112, column 38]
2020-11-16 19:26:48,854 - Both right ($senarai.cukai_parit2 and left $senarai.cukai_parit sides of '!=' operation returned null.If references, they may not be in the context.app/htp/6.0/cukai/frmCukaiPelarasanHapusSenarai.jsp[line 118, column 44]
2020-11-16 19:26:48,854 - Both right ($senarai.cukai_kena_bayar and left $senarai.CUKAI_KENA_BAYAR sides of '!=' operation returned null.If references, they may not be in the context.app/htp/6.0/cukai/frmCukaiPelarasanHapusSenarai.jsp[line 124, column 41]
2020-11-16 19:26:48,854 - Null reference [template 'app/htp/6.0/cukai/frmCukaiPelarasanHapusSenarai.jsp', line 135, column 107] : $senarai.NO_HAKMILIKUPLOAD cannot be resolved.
2020-11-16 19:26:48,855 - Null reference [template 'app/htp/6.0/cukai/frmCukaiPelarasanHapusSenarai.jsp', line 163, column 107] : $senarai.NO_LOT cannot be resolved.
2020-11-16 19:26:48,855 - Both right ($senarai.cukai_taliair2 and left $senarai.cukai_taliair sides of '!=' operation returned null.If references, they may not be in the context.app/htp/6.0/cukai/frmCukaiPelarasanHapusSenarai.jsp[line 112, column 38]
2020-11-16 19:26:48,855 - Both right ($senarai.cukai_parit2 and left $senarai.cukai_parit sides of '!=' operation returned null.If references, they may not be in the context.app/htp/6.0/cukai/frmCukaiPelarasanHapusSenarai.jsp[line 118, column 44]
2020-11-16 19:26:48,855 - Both right ($senarai.cukai_kena_bayar and left $senarai.CUKAI_KENA_BAYAR sides of '!=' operation returned null.If references, they may not be in the context.app/htp/6.0/cukai/frmCukaiPelarasanHapusSenarai.jsp[line 124, column 41]
2020-11-16 19:26:48,855 - Null reference [template 'app/htp/6.0/cukai/frmCukaiPelarasanHapusSenarai.jsp', line 135, column 107] : $senarai.NO_HAKMILIKUPLOAD cannot be resolved.
2020-11-16 19:26:48,855 - Null reference [template 'app/htp/6.0/cukai/frmCukaiPelarasanHapusSenarai.jsp', line 163, column 107] : $senarai.NO_LOT cannot be resolved.
2020-11-16 19:26:48,855 - Null reference [template 'vtl/ajax/ajax_main.vm', line 26, column 1] : $jquery cannot be resolved.
2020-11-16 19:26:48,856 - Left side ($queryString) of '!=' operation has null value. If it is a reference, it may not be in the context or its toString() returned null. vtl/ajax/ajax_main.vm[line 36, column 25]
2020-11-16 19:26:48,856 - Null reference [template 'vtl/ajax/ajax_main.vm', line 37, column 73] : $queryString cannot be resolved.
2020-11-16 19:26:48,856 - Left side ($queryString) of '!=' operation has null value. If it is a reference, it may not be in the context or its toString() returned null. vtl/ajax/ajax_main.vm[line 50, column 25]
2020-11-16 19:26:48,856 - Null reference [template 'vtl/ajax/ajax_main.vm', line 52, column 78] : $queryString cannot be resolved.
2020-11-16 19:26:48,856 - Left side ($queryString) of '!=' operation has null value. If it is a reference, it may not be in the context or its toString() returned null. vtl/ajax/ajax_main.vm[line 64, column 25]
2020-11-16 19:26:48,856 - Null reference [template 'vtl/ajax/ajax_main.vm', line 65, column 34] : $queryString cannot be resolved.
2020-11-16 19:26:51,903 - RHS of #set statement is null. Context will not be modified. vtl/main/header.vm[line 15, column 1]
2020-11-16 19:26:51,905 - RHS of #set statement is null. Context will not be modified. vtl/main/header.vm[line 28, column 1]
2020-11-16 19:26:51,906 - RHS of #set statement is null. Context will not be modified. vtl/main/header.vm[line 29, column 1]
2020-11-16 19:26:51,906 - RHS of #set statement is null. Context will not be modified. vtl/main/header.vm[line 37, column 1]
2020-11-16 19:26:51,907 - Null reference [template 'vtl/main/greeting.vm', line 94, column 17] : $jquery cannot be resolved.
2020-11-16 19:26:51,907 - Null reference [template 'vtl/main/greeting.vm', line 120, column 13] : $jquery cannot be resolved.
2020-11-16 19:26:51,907 - Null reference [template 'vtl/main/greeting.vm', line 121, column 9] : $jquery cannot be resolved.
2020-11-16 19:26:51,907 - Null reference [template 'vtl/main/greeting.vm', line 124, column 17] : $jquery cannot be resolved.
2020-11-16 19:26:51,907 - Null reference [template 'vtl/main/greeting.vm', line 124, column 47] : $jquery cannot be resolved.
2020-11-16 19:26:51,907 - Null reference [template 'vtl/main/greeting.vm', line 125, column 9] : $jquery cannot be resolved.
2020-11-16 19:26:51,907 - Null reference [template 'vtl/main/greeting.vm', line 126, column 9] : $jquery cannot be resolved.
2020-11-16 19:26:51,907 - Null reference [template 'vtl/main/greeting.vm', line 130, column 5] : $jquery cannot be resolved.
2020-11-16 19:26:51,907 - Null reference [template 'vtl/main/greeting.vm', line 131, column 9] : $jquery cannot be resolved.
2020-11-16 19:26:51,907 - Null reference [template 'vtl/main/greeting.vm', line 132, column 9] : $jquery cannot be resolved.
2020-11-16 19:26:51,907 - Null reference [template 'vtl/main/greeting.vm', line 239, column 163] : $viewPengguna cannot be resolved.
2020-11-16 19:26:51,907 - Null reference [template 'vtl/main/greeting.vm', line 618, column 19] : $jquery cannot be resolved.
2020-11-16 19:26:51,907 - Null reference [template 'vtl/main/greeting.vm', line 657, column 35] : $jquery cannot be resolved.
2020-11-16 19:26:51,908 - Null reference [template 'vtl/main/greeting.vm', line 688, column 33] : $jquery cannot be resolved.
2020-11-16 19:26:51,908 - Null reference [template 'vtl/main/greeting.vm', line 731, column 33] : $jquery cannot be resolved.
2020-11-16 19:26:51,908 - Null reference [template 'vtl/main/greeting.vm', line 736, column 33] : $jquery cannot be resolved.
2020-11-16 19:26:51,908 - Null reference [template 'vtl/main/greeting.vm', line 799, column 25] : $jquery cannot be resolved.
2020-11-16 19:26:51,908 - Null reference [template 'vtl/main/greeting.vm', line 801, column 25] : $jquery cannot be resolved.
2020-11-16 19:26:52,253 - Left side ($showLangkah) of '==' operation has null value. If it is a reference, it may not be in the context or its toString() returned null. vtl/main/module_title.vm[line 5, column 21]
2020-11-16 19:26:52,265 - Null reference [template 'app/htp/6.0/cukai/frmCukaiPelarasanHapusSenarai.jsp', line 172, column 41] : $row cannot be resolved.
2020-11-16 19:26:52,265 - Null reference [template 'app/htp/6.0/cukai/frmCukaiPelarasanHapusSenarai.jsp', line 183, column 41] : $row cannot be resolved.
2020-11-16 19:26:52,265 - Null reference [template 'vtl/ajax/ajax_main.vm', line 26, column 1] : $jquery cannot be resolved.
2020-11-16 19:26:52,265 - Left side ($queryString) of '!=' operation has null value. If it is a reference, it may not be in the context or its toString() returned null. vtl/ajax/ajax_main.vm[line 36, column 25]
2020-11-16 19:26:52,265 - Null reference [template 'vtl/ajax/ajax_main.vm', line 37, column 73] : $queryString cannot be resolved.
2020-11-16 19:26:52,265 - Left side ($queryString) of '!=' operation has null value. If it is a reference, it may not be in the context or its toString() returned null. vtl/ajax/ajax_main.vm[line 50, column 25]
2020-11-16 19:26:52,265 - Null reference [template 'vtl/ajax/ajax_main.vm', line 52, column 78] : $queryString cannot be resolved.
2020-11-16 19:26:52,266 - Left side ($queryString) of '!=' operation has null value. If it is a reference, it may not be in the context or its toString() returned null. vtl/ajax/ajax_main.vm[line 64, column 25]
2020-11-16 19:26:52,266 - Null reference [template 'vtl/ajax/ajax_main.vm', line 65, column 34] : $queryString cannot be resolved.
